app/build/outputs/logs/manifest-merger-release-report.txt
-- Merging decision tree log ---
manifest
ADDED from src\main\AndroidManifest.xml:2:1-128:12
	package
		ADDED from src\main\AndroidManifest.xml:3:5-33
		INJECTED from src\main\AndroidManifest.xml
		INJECTED from src\main\AndroidManifest.xml
	android:versionName
		INJECTED from src\main\AndroidManifest.xml
		INJECTED from src\main\AndroidManifest.xml
	xmlns:android
		ADDED from src\main\AndroidManifest.xml:2:11-69
	android:versionCode
		INJECTED from src\main\AndroidManifest.xml
		INJECTED from src\main\AndroidManifest.xml
uses-permission#android.permission.INTERNET
ADDED from src\main\AndroidManifest.xml:5:5-67
MERGED from [com.google.android.gms:play-services-maps:10.0.1] AndroidManifest.xml:20:5-66
MERGED from [com.google.android.gms:play-services-ads-lite:10.0.1] AndroidManifest.xml:19:5-66
	android:name
		ADDED from src\main\AndroidManifest.xml:5:22-64
uses-permission#android.permission.ACCESS_NETWORK_STATE
ADDED from src\main\AndroidManifest.xml:6:5-79
MERGED from [com.google.android.gms:play-services-maps:10.0.1] AndroidManifest.xml:19:5-78
MERGED from [com.google.android.gms:play-services-ads-lite:10.0.1] AndroidManifest.xml:20:5-78
	android:name
		ADDED from src\main\AndroidManifest.xml:6:22-76
application
ADDED from src\main\AndroidManifest.xml:8:5-126:19
MERGED from [com.android.support:design:25.0.0] AndroidManifest.xml:25:5-20
MERGED from [com.android.support:appcompat-v7:25.0.0] AndroidManifest.xml:25:5-20
MERGED from [com.android.support:animated-vector-drawable:25.0.0] AndroidManifest.xml:22:5-20
MERGED from [com.android.support:transition:25.0.0] AndroidManifest.xml:22:5-20
MERGED from [com.android.support:cardview-v7:25.0.0] AndroidManifest.xml:22:5-20
MERGED from [com.google.android.gms:play-services-maps:10.0.1] AndroidManifest.xml:24:5-19
MERGED from [com.android.support:support-vector-drawable:25.0.0] AndroidManifest.xml:23:5-20
MERGED from [com.google.android.gms:play-services-ads-lite:10.0.1] AndroidManifest.xml:23:5-27:19
MERGED from [com.google.android.gms:play-services-clearcut:10.0.1] AndroidManifest.xml:18:5-19
MERGED from [com.google.android.gms:play-services-base:10.0.1] AndroidManifest.xml:18:5-20:19
MERGED from [com.google.android.gms:play-services-tasks:10.0.1] AndroidManifest.xml:4:5-19
MERGED from [com.google.android.gms:play-services-gass:10.0.1] AndroidManifest.xml:4:5-19
MERGED from [com.google.android.gms:play-services-basement:10.0.1] AndroidManifest.xml:19:5-21:19
MERGED from [com.android.support:support-v4:25.0.0] AndroidManifest.xml:25:5-20
MERGED from [com.android.support:support-fragment:25.0.0] AndroidManifest.xml:25:5-20
MERGED from [com.android.support:support-media-compat:25.0.0] AndroidManifest.xml:25:5-20
MERGED from [com.android.support:support-core-ui:25.0.0] AndroidManifest.xml:25:5-20
MERGED from [com.android.support:support-core-utils:25.0.0] AndroidManifest.xml:25:5-20
MERGED from [com.android.support:support-compat:25.0.0] AndroidManifest.xml:25:5-20
	android:label
		ADDED from src\main\AndroidManifest.xml:11:9-41
	android:supportsRtl
		ADDED from src\main\AndroidManifest.xml:12:9-35
	android:allowBackup
		ADDED from src\main\AndroidManifest.xml:9:9-35
	android:icon
		ADDED from src\main\AndroidManifest.xml:10:9-43
	android:theme
		ADDED from src\main\AndroidManifest.xml:13:9-47
meta-data#com.google.android.gms.version
ADDED from src\main\AndroidManifest.xml:16:9-18:69
MERGED from [com.google.android.gms:play-services-basement:10.0.1] AndroidManifest.xml:20:9-121
	android:value
		ADDED from src\main\AndroidManifest.xml:18:13-66
	android:name
		ADDED from src\main\AndroidManifest.xml:17:13-58
activity#com.gmail.eventasy.ui.SplashScreen
ADDED from src\main\AndroidManifest.xml:20:9-29:20
	android:configChanges
		ADDED from src\main\AndroidManifest.xml:22:13-74
	android:theme
		ADDED from src\main\AndroidManifest.xml:23:13-83
	android:name
		ADDED from src\main\AndroidManifest.xml:21:13-62
intent-filter#android.intent.action.MAIN+android.intent.category.LAUNCHER
ADDED from src\main\AndroidManifest.xml:24:13-28:29
action#android.intent.action.MAIN
ADDED from src\main\AndroidManifest.xml:26:17-69
	android:name
		ADDED from src\main\AndroidManifest.xml:26:25-66
category#android.intent.category.LAUNCHER
ADDED from src\main\AndroidManifest.xml:27:17-77
	android:name
		ADDED from src\main\AndroidManifest.xml:27:27-74
activity#com.gmail.eventasy.ui.MainActivity
ADDED from src\main\AndroidManifest.xml:31:9-38:20
	android:label
		ADDED from src\main\AndroidManifest.xml:33:13-45
	android:theme
		ADDED from src\main\AndroidManifest.xml:34:13-56
	android:name
		ADDED from src\main\AndroidManifest.xml:32:13-62
intent-filter#android.intent.action.MAIN
ADDED from src\main\AndroidManifest.xml:35:13-37:29
activity#com.gmail.eventasy.ui.CategoryActivity
ADDED from src\main\AndroidManifest.xml:40:9-44:58
	android:label
		ADDED from src\main\AndroidManifest.xml:42:13-47
	android:parentActivityName
		ADDED from src\main\AndroidManifest.xml:43:13-76
	android:theme
		ADDED from src\main\AndroidManifest.xml:44:13-56
	android:name
		ADDED from src\main\AndroidManifest.xml:41:13-66
activity#com.gmail.eventasy.ui.EventListActivity
ADDED from src\main\AndroidManifest.xml:46:9-50:58
	android:label
		ADDED from src\main\AndroidManifest.xml:48:13-43
	android:parentActivityName
		ADDED from src\main\AndroidManifest.xml:49:13-80
	android:theme
		ADDED from src\main\AndroidManifest.xml:50:13-56
	android:name
		ADDED from src\main\AndroidManifest.xml:47:13-67
activity#com.gmail.eventasy.ui.EventDetailActivity
ADDED from src\main\AndroidManifest.xml:52:9-54:58
	android:theme
		ADDED from src\main\AndroidManifest.xml:54:13-56
	android:name
		ADDED from src\main\AndroidManifest.xml:53:13-69
activity#com.gmail.eventasy.ui.FavouriteEventListActivity
ADDED from src\main\AndroidManifest.xml:56:9-60:58
	android:label
		ADDED from src\main\AndroidManifest.xml:58:13-47
	android:parentActivityName
		ADDED from src\main\AndroidManifest.xml:59:13-76
	android:theme
		ADDED from src\main\AndroidManifest.xml:60:13-56
	android:name
		ADDED from src\main\AndroidManifest.xml:57:13-76
activity#com.gmail.eventasy.ui.SettingsActivity
ADDED from src\main\AndroidManifest.xml:62:9-73:20
	android:theme
		ADDED from src\main\AndroidManifest.xml:64:13-56
	android:name
		ADDED from src\main\AndroidManifest.xml:63:13-66
meta-data#android.support.PARENT_ACTIVITY
ADDED from src\main\AndroidManifest.xml:65:13-67:74
	android:value
		ADDED from src\main\AndroidManifest.xml:67:17-72
	android:name
		ADDED from src\main\AndroidManifest.xml:66:17-63
intent-filter#android.intent.action.MANAGE_NETWORK_USAGE+android.intent.category.DEFAULT
ADDED from src\main\AndroidManifest.xml:69:13-72:29
action#android.intent.action.MANAGE_NETWORK_USAGE
ADDED from src\main\AndroidManifest.xml:70:17-85
	android:name
		ADDED from src\main\AndroidManifest.xml:70:25-82
category#android.intent.category.DEFAULT
ADDED from src\main\AndroidManifest.xml:71:17-76
	android:name
		ADDED from src\main\AndroidManifest.xml:71:27-73
activity#com.gmail.eventasy.ui.SearchableActivity
ADDED from src\main\AndroidManifest.xml:75:9-88:20
	android:label
		ADDED from src\main\AndroidManifest.xml:77:13-51
	android:parentActivityName
		ADDED from src\main\AndroidManifest.xml:79:13-76
	android:launchMode
		ADDED from src\main\AndroidManifest.xml:78:13-43
	android:theme
		ADDED from src\main\AndroidManifest.xml:80:13-56
	android:name
		ADDED from src\main\AndroidManifest.xml:76:13-68
intent-filter#android.intent.action.SEARCH
ADDED from src\main\AndroidManifest.xml:81:13-83:29
action#android.intent.action.SEARCH
ADDED from src\main\AndroidManifest.xml:82:17-71
	android:name
		ADDED from src\main\AndroidManifest.xml:82:25-68
meta-data#android.app.searchable
ADDED from src\main\AndroidManifest.xml:85:13-87:54
	android:resource
		ADDED from src\main\AndroidManifest.xml:87:17-51
	android:name
		ADDED from src\main\AndroidManifest.xml:86:17-54
activity#com.gmail.eventasy.ui.SearchInputActivity
ADDED from src\main\AndroidManifest.xml:89:9-96:20
	android:parentActivityName
		ADDED from src\main\AndroidManifest.xml:91:13-76
	android:theme
		ADDED from src\main\AndroidManifest.xml:92:13-56
	android:name
		ADDED from src\main\AndroidManifest.xml:90:13-69
meta-data#android.app.default_searchable
ADDED from src\main\AndroidManifest.xml:93:13-95:76
	android:value
		ADDED from src\main\AndroidManifest.xml:95:17-73
	android:name
		ADDED from src\main\AndroidManifest.xml:94:17-62
provider#com.gmail.eventasy.data.EventProvider
ADDED from src\main\AndroidManifest.xml:98:9-100:56
	android:authorities
		ADDED from src\main\AndroidManifest.xml:100:13-53
	android:name
		ADDED from src\main\AndroidManifest.xml:99:13-65
receiver#com.gmail.eventasy.widget.EventWidgetProvider
ADDED from src\main\AndroidManifest.xml:102:9-113:20
	android:label
		ADDED from src\main\AndroidManifest.xml:104:13-49
	android:name
		ADDED from src\main\AndroidManifest.xml:103:13-73
intent-filter#android.appwidget.action.APPWIDGET_UPDATE+com.gmail.eventasy.ACTION_DATA_UPDATED
ADDED from src\main\AndroidManifest.xml:105:13-108:29
action#android.appwidget.action.APPWIDGET_UPDATE
ADDED from src\main\AndroidManifest.xml:106:17-84
	android:name
		ADDED from src\main\AndroidManifest.xml:106:25-81
action#com.gmail.eventasy.ACTION_DATA_UPDATED
ADDED from src\main\AndroidManifest.xml:107:17-81
	android:name
		ADDED from src\main\AndroidManifest.xml:107:25-78
meta-data#android.appwidget.provider
ADDED from src\main\AndroidManifest.xml:110:13-112:60
	android:resource
		ADDED from src\main\AndroidManifest.xml:112:17-57
	android:name
		ADDED from src\main\AndroidManifest.xml:111:17-58
service#com.gmail.eventasy.widget.EventWidgetRemoteViewsService
ADDED from src\main\AndroidManifest.xml:115:9-118:72
	android:exported
		ADDED from src\main\AndroidManifest.xml:117:13-37
	android:permission
		ADDED from src\main\AndroidManifest.xml:118:13-69
	android:name
		ADDED from src\main\AndroidManifest.xml:116:13-83
activity#com.google.android.gms.ads.AdActivity
ADDED from src\main\AndroidManifest.xml:121:9-124:64
MERGED from [com.google.android.gms:play-services-ads-lite:10.0.1] AndroidManifest.xml:25:9-232
	android:configChanges
		ADDED from src\main\AndroidManifest.xml:123:13-122
	android:theme
		ADDED from src\main\AndroidManifest.xml:124:13-61
	android:name
		ADDED from src\main\AndroidManifest.xml:122:13-65
uses-sdk
INJECTED from src\main\AndroidManifest.xml reason: use-sdk injection requested
MERGED from [com.android.support:design:25.0.0] AndroidManifest.xml:21:5-23:62
MERGED from [com.android.support:appcompat-v7:25.0.0] AndroidManifest.xml:21:5-23:78
MERGED from [com.android.support:animated-vector-drawable:25.0.0] AndroidManifest.xml:20:5-44
MERGED from [com.android.support:transition:25.0.0] AndroidManifest.xml:20:5-44
MERGED from [com.android.support:cardview-v7:25.0.0] AndroidManifest.xml:20:5-43
MERGED from [com.android.support:recyclerview-v7:25.0.0] AndroidManifest.xml:20:5-43
MERGED from [com.google.android.gms:play-services-maps:10.0.1] AndroidManifest.xml:23:5-42
MERGED from [com.android.support:support-vector-drawable:25.0.0] AndroidManifest.xml:21:5-43
MERGED from [com.google.android.gms:play-services-ads:10.0.1] AndroidManifest.xml:17:5-42
MERGED from [com.google.android.gms:play-services-ads-lite:10.0.1] AndroidManifest.xml:22:5-42
MERGED from [com.google.android.gms:play-services-clearcut:10.0.1] AndroidManifest.xml:17:5-42
MERGED from [com.google.android.gms:play-services-base:10.0.1] AndroidManifest.xml:17:5-42
MERGED from [com.google.android.gms:play-services-tasks:10.0.1] AndroidManifest.xml:3:5-42
MERGED from [com.google.android.gms:play-services-gass:10.0.1] AndroidManifest.xml:3:5-42
MERGED from [com.google.android.gms:play-services-basement:10.0.1] AndroidManifest.xml:17:5-42
MERGED from [com.android.support:support-v4:25.0.0] AndroidManifest.xml:21:5-23:54
MERGED from [com.android.support:support-fragment:25.0.0] AndroidManifest.xml:21:5-23:60
MERGED from [com.android.support:support-media-compat:25.0.0] AndroidManifest.xml:21:5-23:63
MERGED from [com.android.support:support-core-ui:25.0.0] AndroidManifest.xml:21:5-23:58
MERGED from [com.android.support:support-core-utils:25.0.0] AndroidManifest.xml:21:5-23:61
MERGED from [com.android.support:support-compat:25.0.0] AndroidManifest.xml:21:5-23:58
	tools:overrideLibrary
		ADDED from [com.android.support:design:25.0.0] AndroidManifest.xml:23:9-59
	android:targetSdkVersion
		INJECTED from src\main\AndroidManifest.xml
		INJECTED from src\main\AndroidManifest.xml
	android:minSdkVersion
		INJECTED from src\main\AndroidManifest.xml
		INJECTED from src\main\AndroidManifest.xml
uses-feature#0x00020000
ADDED from [com.google.android.gms:play-services-maps:10.0.1] AndroidManifest.xml:21:5-77
	android:glEsVersion
		ADDED from [com.google.android.gms:play-services-maps:10.0.1] AndroidManifest.xml:21:19-51
	android:required
		ADDED from [com.google.android.gms:play-services-maps:10.0.1] AndroidManifest.xml:21:52-75
activity#com.google.android.gms.ads.purchase.InAppPurchaseActivity
ADDED from [com.google.android.gms:play-services-ads-lite:10.0.1] AndroidManifest.xml:26:9-131
	android:theme
		ADDED from [com.google.android.gms:play-services-ads-lite:10.0.1] AndroidManifest.xml:26:92-129
	android:name
		ADDED from [com.google.android.gms:play-services-ads-lite:10.0.1] AndroidManifest.xml:26:19-91
activity#com.google.android.gms.common.api.GoogleApiActivity
ADDED from [com.google.android.gms:play-services-base:10.0.1] AndroidManifest.xml:19:9-172
	android:exported
		ADDED from [com.google.android.gms:play-services-base:10.0.1] AndroidManifest.xml:19:146-170
	android:theme
		ADDED from [com.google.android.gms:play-services-base:10.0.1] AndroidManifest.xml:19:86-145
	android:name
		ADDED from [com.google.android.gms:play-services-base:10.0.1] AndroidManifest.xml:19:19-85